Total_Number of all lines 	999
Total_Number of het filter lines 	15
Total_Number of het and MAF5% fileter lines 	6
Done seach for Exp-data of Human_BodyMap2.0....
Done running script Parse from ANNOVAR output files....
Removing SegDup...
Removing mapability...
Opening /media/varma/SAMSUNG/CADD/v1.3/CADD_v1.3/prescored/whole_genome_SNVs.tsv.gz...
Opening /media/varma/SAMSUNG/CADD/v1.3/CADD_v1.3/prescored/InDels.tsv.gz...
UNIVERSAL does not export anything at /home/varma/softwares/ensembl-tools-release-76/scripts/variant_effect_predictor/Bio/Tree/TreeFunctionsI.pm line 94.
BEGIN failed--compilation aborted at /home/varma/softwares/ensembl-tools-release-76/scripts/variant_effect_predictor/Bio/Tree/TreeFunctionsI.pm line 94.
Compilation failed in require at /usr/share/perl/5.22/base.pm line 97.
	...propagated at /usr/share/perl/5.22/base.pm line 106.
BEGIN failed--compilation aborted at /home/varma/softwares/ensembl-tools-release-76/scripts/variant_effect_predictor/Bio/Tree/Tree.pm line 111.
Compilation failed in require at /home/varma/softwares/ensembl-tools-release-76/scripts/variant_effect_predictor/Bio/DB/Taxonomy.pm line 83.
BEGIN failed--compilation aborted at /home/varma/softwares/ensembl-tools-release-76/scripts/variant_effect_predictor/Bio/DB/Taxonomy.pm line 83.
Compilation failed in require at /home/varma/softwares/ensembl-tools-release-76/scripts/variant_effect_predictor/Bio/Species.pm line 102.
BEGIN failed--compilation aborted at /home/varma/softwares/ensembl-tools-release-76/scripts/variant_effect_predictor/Bio/Species.pm line 102.
Compilation failed in require at /home/varma/softwares/ensembl-tools-release-76/scripts/variant_effect_predictor/Bio/EnsEMBL/DBSQL/MetaContainer.pm line 59.
BEGIN failed--compilation aborted at /home/varma/softwares/ensembl-tools-release-76/scripts/variant_effect_predictor/Bio/EnsEMBL/DBSQL/MetaContainer.pm line 59.
Compilation failed in require at /home/varma/softwares/ensembl-tools-release-76/scripts/variant_effect_predictor/Bio/EnsEMBL/Variation/Utils/VEP.pm line 86.
BEGIN failed--compilation aborted at /home/varma/softwares/ensembl-tools-release-76/scripts/variant_effect_predictor/Bio/EnsEMBL/Variation/Utils/VEP.pm line 86.
Compilation failed in require at /home/varma/softwares/ensembl-tools-release-76/scripts/variant_effect_predictor/variant_effect_predictor.pl line 68.
BEGIN failed--compilation aborted at /home/varma/softwares/ensembl-tools-release-76/scripts/variant_effect_predictor/variant_effect_predictor.pl line 68.
Done seach for CADD....
Done seach for REMM....
Done seach for LINSIGHT....
Done seach for DANN....
Done running script... CADD-ReMM-LINSIGHT-DANN....
Done seach for UCSC_RG_LCR_HD_UM75....
Done running script... RE_RG_LDB-WES-WGS....
Done counting variants on each gene....
Done seach for Exp-data of Human_BodyMap2.0....
Done seach for Exp-data of GETx....
Done adding REDIportal....
Done adding UCSC format....
Done running script... Gene-Epression-BodyMap2.0-n-GETx_UCSC-format....
